<?xml version="1.0" encoding="UTF-8"?>
<!-- Generated by org.testng.reporters.JUnitReportReporter -->
<testsuite hostname="Rae" failures="0" tests="3" name="testCases.TC03_AddToCart" time="31.898" errors="0" timestamp="2025-02-19T10:41:41 CST" skipped="0">
  <testcase classname="testCases.TC03_AddToCart" name="testAddToCart" time="8.029"/>
  <testcase classname="testCases.TC03_AddToCart" name="testAddToCart" time="7.556"/>
  <testcase classname="testCases.TC03_AddToCart" name="testAddToCart" time="16.313"/>
</testsuite> <!-- testCases.TC03_AddToCart -->
