<?xml version="1.0" encoding="UTF-8"?>
<!-- Generated by org.testng.reporters.JUnitReportReporter -->
<testsuite hostname="Rae" failures="0" tests="3" name="testCases.TC01_LaunchApplication" time="5.620" errors="0" timestamp="2025-02-19T10:41:41 CST" skipped="0">
  <testcase classname="testCases.TC01_LaunchApplication" name="testLaunchApplication" time="1.848"/>
  <testcase classname="testCases.TC01_LaunchApplication" name="testLaunchApplication" time="0.266"/>
  <testcase classname="testCases.TC01_LaunchApplication" name="testLaunchApplication" time="3.506"/>
</testsuite> <!-- testCases.TC01_LaunchApplication -->
