<?xml version="1.0" encoding="UTF-8"?>
<!-- Generated by org.testng.reporters.JUnitReportReporter -->
<testsuite hostname="Rae" failures="0" tests="15" name="testCases.TC02_Login" time="167.153" errors="0" timestamp="2025-02-19T10:41:41 CST" skipped="0">
  <testcase classname="testCases.TC02_Login" name="testLogin" time="4.382"/>
  <testcase classname="testCases.TC02_Login" name="testLogin" time="7.280"/>
  <testcase classname="testCases.TC02_Login" name="testLogin" time="33.570"/>
  <testcase classname="testCases.TC02_Login" name="testLogin" time="6.244"/>
  <testcase classname="testCases.TC02_Login" name="testLogin" time="4.588"/>
  <testcase classname="testCases.TC02_Login" name="testLogin" time="6.782"/>
  <testcase classname="testCases.TC02_Login" name="testLogin" time="5.480"/>
  <testcase classname="testCases.TC02_Login" name="testLogin" time="5.603"/>
  <testcase classname="testCases.TC02_Login" name="testLogin" time="14.169"/>
  <testcase classname="testCases.TC02_Login" name="testLogin" time="6.538"/>
  <testcase classname="testCases.TC02_Login" name="testLogin" time="23.862"/>
  <testcase classname="testCases.TC02_Login" name="testLogin" time="16.057"/>
  <testcase classname="testCases.TC02_Login" name="testLogin" time="5.936"/>
  <testcase classname="testCases.TC02_Login" name="testLogin" time="5.003"/>
  <testcase classname="testCases.TC02_Login" name="testLogin" time="21.659"/>
</testsuite> <!-- testCases.TC02_Login -->
