<?xml version="1.0" encoding="UTF-8"?>
<!-- Generated by org.testng.reporters.JUnitReportReporter -->
<testsuite hostname="Rae" failures="0" tests="3" name="testCases.TC05_AddToWish" time="38.008" errors="0" timestamp="2025-02-19T10:41:41 CST" skipped="0">
  <testcase classname="testCases.TC05_AddToWish" name="testAddToWishList" time="24.986"/>
  <testcase classname="testCases.TC05_AddToWish" name="testAddToWishList" time="8.576"/>
  <testcase classname="testCases.TC05_AddToWish" name="testAddToWishList" time="4.446"/>
</testsuite> <!-- testCases.TC05_AddToWish -->
