<?xml version="1.0" encoding="UTF-8"?>
<!-- Generated by org.testng.reporters.JUnitReportReporter -->
<testsuite hostname="Rae" failures="0" tests="3" name="testCases.TC04_CompletePurchase" time="239.059" errors="0" timestamp="2025-02-19T10:41:41 CST" skipped="0">
  <testcase classname="testCases.TC04_CompletePurchase" name="testCompletePurchase" time="79.047"/>
  <testcase classname="testCases.TC04_CompletePurchase" name="testCompletePurchase" time="80.855"/>
  <testcase classname="testCases.TC04_CompletePurchase" name="testCompletePurchase" time="79.157"/>
</testsuite> <!-- testCases.TC04_CompletePurchase -->
