<?xml version="1.0" encoding="UTF-8"?>
<!-- Generated by org.testng.reporters.JUnitReportReporter -->
<testsuite hostname="Rae" failures="0" tests="3" name="testCases.TC01_LaunchApplication" time="3.884" errors="0" timestamp="2025-02-06T15:10:50 CST" skipped="0">
  <testcase classname="testCases.TC01_LaunchApplication" name="openApp" time="2.851"/>
  <testcase classname="testCases.TC01_LaunchApplication" name="testLaunchApplication" time="0.341"/>
  <testcase classname="testCases.TC01_LaunchApplication" name="closeApp" time="0.692"/>
</testsuite> <!-- testCases.TC01_LaunchApplication -->
