<?xml version="1.0" encoding="UTF-8"?>
<!-- Generated by org.testng.reporters.JUnitReportReporter -->
<testsuite hostname="Rae" failures="0" tests="15" name="testCases.TC02_Login" time="99.599" errors="0" timestamp="2025-02-18T12:04:24 CST" skipped="0">
  <testcase classname="testCases.TC02_Login" name="testLogin" time="5.678"/>
  <testcase classname="testCases.TC02_Login" name="testLogin" time="5.216"/>
  <testcase classname="testCases.TC02_Login" name="testLogin" time="5.643"/>
  <testcase classname="testCases.TC02_Login" name="testLogin" time="4.837"/>
  <testcase classname="testCases.TC02_Login" name="testLogin" time="11.419"/>
  <testcase classname="testCases.TC02_Login" name="testLogin" time="9.801"/>
  <testcase classname="testCases.TC02_Login" name="testLogin" time="10.246"/>
  <testcase classname="testCases.TC02_Login" name="testLogin" time="5.313"/>
  <testcase classname="testCases.TC02_Login" name="testLogin" time="5.068"/>
  <testcase classname="testCases.TC02_Login" name="testLogin" time="4.031"/>
  <testcase classname="testCases.TC02_Login" name="testLogin" time="10.377"/>
  <testcase classname="testCases.TC02_Login" name="testLogin" time="4.826"/>
  <testcase classname="testCases.TC02_Login" name="testLogin" time="5.342"/>
  <testcase classname="testCases.TC02_Login" name="testLogin" time="5.820"/>
  <testcase classname="testCases.TC02_Login" name="testLogin" time="5.982"/>
</testsuite> <!-- testCases.TC02_Login -->
