<?xml version="1.0" encoding="UTF-8"?>
<!-- Generated by org.testng.reporters.JUnitReportReporter -->
<testsuite hostname="Rae" failures="0" tests="3" name="testCases.TC05_AddToWish" time="21.866" errors="0" timestamp="2025-02-18T12:04:24 CST" skipped="0">
  <testcase classname="testCases.TC05_AddToWish" name="testAddToWishList" time="10.943"/>
  <testcase classname="testCases.TC05_AddToWish" name="testAddToWishList" time="4.314"/>
  <testcase classname="testCases.TC05_AddToWish" name="testAddToWishList" time="6.609"/>
</testsuite> <!-- testCases.TC05_AddToWish -->
