<?xml version="1.0" encoding="UTF-8"?>
<!-- Generated by org.testng.reporters.JUnitReportReporter -->
<testsuite hostname="Rae" failures="0" tests="3" name="testCases.TC04_CompletePurchase" time="261.291" errors="0" timestamp="2025-02-18T12:04:24 CST" skipped="0">
  <testcase classname="testCases.TC04_CompletePurchase" name="testCompletePurchase" time="100.832"/>
  <testcase classname="testCases.TC04_CompletePurchase" name="testCompletePurchase" time="87.510"/>
  <testcase classname="testCases.TC04_CompletePurchase" name="testCompletePurchase" time="72.949"/>
</testsuite> <!-- testCases.TC04_CompletePurchase -->
