<?xml version="1.0" encoding="UTF-8"?>
<!-- Generated by org.testng.reporters.JUnitReportReporter -->
<testsuite hostname="Rae" failures="0" tests="3" name="testCases.TC01_LaunchApplication" time="2.087" errors="0" timestamp="2025-02-18T12:04:24 CST" skipped="0">
  <testcase classname="testCases.TC01_LaunchApplication" name="testLaunchApplication" time="0.497"/>
  <testcase classname="testCases.TC01_LaunchApplication" name="testLaunchApplication" time="0.766"/>
  <testcase classname="testCases.TC01_LaunchApplication" name="testLaunchApplication" time="0.824"/>
</testsuite> <!-- testCases.TC01_LaunchApplication -->
