<?xml version="1.0" encoding="UTF-8"?>
<!-- Generated by org.testng.reporters.JUnitReportReporter -->
<testsuite hostname="Rae" failures="0" tests="3" name="testCases.TC05_AddToWish" time="15.474" errors="0" timestamp="2025-02-14T10:08:16 CST" skipped="0">
  <testcase classname="testCases.TC05_AddToWish" name="testAddToWishList" time="6.921"/>
  <testcase classname="testCases.TC05_AddToWish" name="testAddToWishList" time="4.261"/>
  <testcase classname="testCases.TC05_AddToWish" name="testAddToWishList" time="4.292"/>
</testsuite> <!-- testCases.TC05_AddToWish -->
