<?xml version="1.0" encoding="UTF-8"?>
<!-- Generated by org.testng.reporters.JUnitReportReporter -->
<testsuite hostname="Rae" failures="0" tests="3" name="testCases.TC01_LaunchApplication" time="1.379" errors="0" timestamp="2025-02-14T10:08:16 CST" skipped="0">
  <testcase classname="testCases.TC01_LaunchApplication" name="testLaunchApplication" time="0.217"/>
  <testcase classname="testCases.TC01_LaunchApplication" name="testLaunchApplication" time="0.867"/>
  <testcase classname="testCases.TC01_LaunchApplication" name="testLaunchApplication" time="0.295"/>
</testsuite> <!-- testCases.TC01_LaunchApplication -->
