<?xml version="1.0" encoding="UTF-8"?>
<!-- Generated by org.testng.reporters.JUnitReportReporter -->
<testsuite hostname="Rae" failures="0" tests="3" name="testCases.TC06_GifftCertificcate" time="15.365" errors="0" timestamp="2025-02-14T10:08:16 CST" skipped="0">
  <testcase classname="testCases.TC06_GifftCertificcate" name="testPurchaseAGiftCertificate" time="6.875"/>
  <testcase classname="testCases.TC06_GifftCertificcate" name="testPurchaseAGiftCertificate" time="4.012"/>
  <testcase classname="testCases.TC06_GifftCertificcate" name="testPurchaseAGiftCertificate" time="4.478"/>
</testsuite> <!-- testCases.TC06_GifftCertificcate -->
