<?xml version="1.0" encoding="UTF-8"?>
<!-- Generated by org.testng.reporters.JUnitReportReporter -->
<testsuite hostname="Rae" failures="0" tests="15" name="testCases.TC02_Login" time="85.224" errors="0" timestamp="2025-02-14T10:08:16 CST" skipped="0">
  <testcase classname="testCases.TC02_Login" name="testLogin" time="5.113"/>
  <testcase classname="testCases.TC02_Login" name="testLogin" time="11.773"/>
  <testcase classname="testCases.TC02_Login" name="testLogin" time="5.061"/>
  <testcase classname="testCases.TC02_Login" name="testLogin" time="3.093"/>
  <testcase classname="testCases.TC02_Login" name="testLogin" time="4.912"/>
  <testcase classname="testCases.TC02_Login" name="testLogin" time="4.184"/>
  <testcase classname="testCases.TC02_Login" name="testLogin" time="8.405"/>
  <testcase classname="testCases.TC02_Login" name="testLogin" time="3.590"/>
  <testcase classname="testCases.TC02_Login" name="testLogin" time="3.252"/>
  <testcase classname="testCases.TC02_Login" name="testLogin" time="4.741"/>
  <testcase classname="testCases.TC02_Login" name="testLogin" time="4.859"/>
  <testcase classname="testCases.TC02_Login" name="testLogin" time="3.539"/>
  <testcase classname="testCases.TC02_Login" name="testLogin" time="5.826"/>
  <testcase classname="testCases.TC02_Login" name="testLogin" time="11.096"/>
  <testcase classname="testCases.TC02_Login" name="testLogin" time="5.780"/>
</testsuite> <!-- testCases.TC02_Login -->
