<?xml version="1.0" encoding="UTF-8"?>
<!-- Generated by org.testng.reporters.JUnitReportReporter -->
<testsuite hostname="Rae" failures="0" tests="3" name="testCases.TC04_CompletePurchase" time="229.723" errors="0" timestamp="2025-02-14T10:08:16 CST" skipped="0">
  <testcase classname="testCases.TC04_CompletePurchase" name="testCompletePurchase" time="82.494"/>
  <testcase classname="testCases.TC04_CompletePurchase" name="testCompletePurchase" time="71.719"/>
  <testcase classname="testCases.TC04_CompletePurchase" name="testCompletePurchase" time="75.510"/>
</testsuite> <!-- testCases.TC04_CompletePurchase -->
