<?xml version="1.0" encoding="UTF-8"?>
<!-- Generated by org.testng.reporters.JUnitReportReporter -->
<testsuite hostname="Rae" failures="0" tests="3" name="testCases.TC03_AddToCart" time="30.660" errors="0" timestamp="2025-02-18T12:04:24 CST" skipped="0">
  <testcase classname="testCases.TC03_AddToCart" name="testAddToCart" time="5.267"/>
  <testcase classname="testCases.TC03_AddToCart" name="testAddToCart" time="12.274"/>
  <testcase classname="testCases.TC03_AddToCart" name="testAddToCart" time="13.119"/>
</testsuite> <!-- testCases.TC03_AddToCart -->
