<?xml version="1.0" encoding="UTF-8"?>
<!-- Generated by org.testng.reporters.JUnitReportReporter -->
<testsuite hostname="Rae" failures="0" tests="1" name="testCases.TC06_GifftCertificcate" time="5.064" errors="0" timestamp="2025-02-11T19:30:07 CST" skipped="0">
  <testcase classname="testCases.TC06_GifftCertificcate" name="testPurchaseAGiftCertificate" time="5.064"/>
</testsuite> <!-- testCases.TC06_GifftCertificcate -->
