<?xml version="1.0" encoding="UTF-8"?>
<!-- Generated by org.testng.reporters.JUnitReportReporter -->
<testsuite hostname="Rae" failures="0" tests="15" name="testCases.TC02_Login" time="154.528" errors="0" timestamp="2025-02-12T18:49:55 CST" skipped="0">
  <testcase classname="testCases.TC02_Login" name="testLogin" time="7.719"/>
  <testcase classname="testCases.TC02_Login" name="testLogin" time="10.727"/>
  <testcase classname="testCases.TC02_Login" name="testLogin" time="6.039"/>
  <testcase classname="testCases.TC02_Login" name="testLogin" time="24.262"/>
  <testcase classname="testCases.TC02_Login" name="testLogin" time="5.919"/>
  <testcase classname="testCases.TC02_Login" name="testLogin" time="5.231"/>
  <testcase classname="testCases.TC02_Login" name="testLogin" time="9.716"/>
  <testcase classname="testCases.TC02_Login" name="testLogin" time="7.210"/>
  <testcase classname="testCases.TC02_Login" name="testLogin" time="6.828"/>
  <testcase classname="testCases.TC02_Login" name="testLogin" time="6.951"/>
  <testcase classname="testCases.TC02_Login" name="testLogin" time="30.870"/>
  <testcase classname="testCases.TC02_Login" name="testLogin" time="6.943"/>
  <testcase classname="testCases.TC02_Login" name="testLogin" time="8.635"/>
  <testcase classname="testCases.TC02_Login" name="testLogin" time="8.518"/>
  <testcase classname="testCases.TC02_Login" name="testLogin" time="8.960"/>
</testsuite> <!-- testCases.TC02_Login -->
