<?xml version="1.0" encoding="UTF-8"?>
<!-- Generated by org.testng.reporters.JUnitReportReporter -->
<testsuite hostname="Rae" failures="0" tests="3" name="testCases.TC01_LaunchApplication" time="2.013" errors="0" timestamp="2025-02-12T18:49:55 CST" skipped="0">
  <testcase classname="testCases.TC01_LaunchApplication" name="testLaunchApplication" time="0.574"/>
  <testcase classname="testCases.TC01_LaunchApplication" name="testLaunchApplication" time="0.619"/>
  <testcase classname="testCases.TC01_LaunchApplication" name="testLaunchApplication" time="0.820"/>
</testsuite> <!-- testCases.TC01_LaunchApplication -->
