<?xml version="1.0" encoding="UTF-8"?>
<!-- Generated by org.testng.reporters.JUnitReportReporter -->
<testsuite hostname="Rae" failures="0" tests="3" name="testCases.TC04_CompletePurchase" time="248.375" errors="0" timestamp="2025-02-12T18:49:55 CST" skipped="0">
  <testcase classname="testCases.TC04_CompletePurchase" name="testCompletePurchase" time="87.980"/>
  <testcase classname="testCases.TC04_CompletePurchase" name="testCompletePurchase" time="78.043"/>
  <testcase classname="testCases.TC04_CompletePurchase" name="testCompletePurchase" time="82.352"/>
</testsuite> <!-- testCases.TC04_CompletePurchase -->
