<?xml version="1.0" encoding="UTF-8"?>
<!-- Generated by org.testng.reporters.JUnitReportReporter -->
<testsuite hostname="Rae" failures="0" tests="3" name="testCases.TC06_GifftCertificcate" time="16.129" errors="0" timestamp="2025-02-24T19:54:28 CST" skipped="0">
  <testcase classname="testCases.TC06_GifftCertificcate" name="testPurchaseAGiftCertificate" time="7.243"/>
  <testcase classname="testCases.TC06_GifftCertificcate" name="testPurchaseAGiftCertificate" time="5.478"/>
  <testcase classname="testCases.TC06_GifftCertificcate" name="testPurchaseAGiftCertificate" time="3.408"/>
</testsuite> <!-- testCases.TC06_GifftCertificcate -->
