<?xml version="1.0" encoding="UTF-8"?>
<!-- Generated by org.testng.reporters.JUnitReportReporter -->
<testsuite hostname="Rae" failures="0" tests="15" name="testCases.TC02_Login" time="87.303" errors="0" timestamp="2025-02-24T19:54:28 CST" skipped="0">
  <testcase classname="testCases.TC02_Login" name="testLogin" time="3.368"/>
  <testcase classname="testCases.TC02_Login" name="testLogin" time="3.616"/>
  <testcase classname="testCases.TC02_Login" name="testLogin" time="5.374"/>
  <testcase classname="testCases.TC02_Login" name="testLogin" time="4.327"/>
  <testcase classname="testCases.TC02_Login" name="testLogin" time="6.311"/>
  <testcase classname="testCases.TC02_Login" name="testLogin" time="3.898"/>
  <testcase classname="testCases.TC02_Login" name="testLogin" time="4.765"/>
  <testcase classname="testCases.TC02_Login" name="testLogin" time="4.802"/>
  <testcase classname="testCases.TC02_Login" name="testLogin" time="14.520"/>
  <testcase classname="testCases.TC02_Login" name="testLogin" time="4.778"/>
  <testcase classname="testCases.TC02_Login" name="testLogin" time="4.379"/>
  <testcase classname="testCases.TC02_Login" name="testLogin" time="3.934"/>
  <testcase classname="testCases.TC02_Login" name="testLogin" time="6.815"/>
  <testcase classname="testCases.TC02_Login" name="testLogin" time="4.751"/>
  <testcase classname="testCases.TC02_Login" name="testLogin" time="11.665"/>
</testsuite> <!-- testCases.TC02_Login -->
