<?xml version="1.0" encoding="UTF-8"?>
<!-- Generated by org.testng.reporters.JUnitReportReporter -->
<testsuite hostname="Rae" failures="0" tests="3" name="testCases.TC05_AddToWish" time="28.589" errors="0" timestamp="2025-02-24T19:54:28 CST" skipped="0">
  <testcase classname="testCases.TC05_AddToWish" name="testAddToWishList" time="5.177"/>
  <testcase classname="testCases.TC05_AddToWish" name="testAddToWishList" time="16.736"/>
  <testcase classname="testCases.TC05_AddToWish" name="testAddToWishList" time="6.676"/>
</testsuite> <!-- testCases.TC05_AddToWish -->
