<?xml version="1.0" encoding="UTF-8"?>
<!-- Generated by org.testng.reporters.JUnitReportReporter -->
<testsuite hostname="Rae" failures="0" tests="3" name="testCases.TC01_LaunchApplication" time="5.049" errors="0" timestamp="2025-02-24T19:54:28 CST" skipped="0">
  <testcase classname="testCases.TC01_LaunchApplication" name="testLaunchApplication" time="0.933"/>
  <testcase classname="testCases.TC01_LaunchApplication" name="testLaunchApplication" time="3.820"/>
  <testcase classname="testCases.TC01_LaunchApplication" name="testLaunchApplication" time="0.296"/>
</testsuite> <!-- testCases.TC01_LaunchApplication -->
