<?xml version="1.0" encoding="UTF-8"?>
<!-- Generated by org.testng.reporters.JUnitReportReporter -->
<testsuite hostname="Rae" failures="0" tests="3" name="testCases.TC03_AddToCart" time="18.852" errors="0" timestamp="2025-02-24T19:54:28 CST" skipped="0">
  <testcase classname="testCases.TC03_AddToCart" name="testAddToCart" time="4.977"/>
  <testcase classname="testCases.TC03_AddToCart" name="testAddToCart" time="8.011"/>
  <testcase classname="testCases.TC03_AddToCart" name="testAddToCart" time="5.864"/>
</testsuite> <!-- testCases.TC03_AddToCart -->
