<?xml version="1.0" encoding="UTF-8"?>
<!-- Generated by org.testng.reporters.JUnitReportReporter -->
<testsuite hostname="Rae" failures="0" tests="3" name="testCases.TC04_CompletePurchase" time="233.876" errors="0" timestamp="2025-02-24T19:54:28 CST" skipped="0">
  <testcase classname="testCases.TC04_CompletePurchase" name="testCompletePurchase" time="84.286"/>
  <testcase classname="testCases.TC04_CompletePurchase" name="testCompletePurchase" time="74.722"/>
  <testcase classname="testCases.TC04_CompletePurchase" name="testCompletePurchase" time="74.868"/>
</testsuite> <!-- testCases.TC04_CompletePurchase -->
