<?xml version="1.0" encoding="UTF-8"?>
<!-- Generated by org.testng.reporters.JUnitReportReporter -->
<testsuite hostname="Rae" failures="0" tests="1" name="testCases.TC03_AddToCart" time="3.416" errors="0" timestamp="2025-04-07T16:14:08 CDT" skipped="0">
  <testcase classname="testCases.TC03_AddToCart" name="testAddAnItemToWishList" time="3.416"/>
</testsuite> <!-- testCases.TC03_AddToCart -->
