<?xml version="1.0" encoding="UTF-8"?>
<!-- Generated by org.testng.reporters.JUnitReportReporter -->
<testsuite hostname="Rae" failures="0" tests="1" name="testCases.TC01_LaunchApplication" time="0.113" errors="0" timestamp="2025-04-07T16:14:09 CDT" skipped="0">
  <testcase classname="testCases.TC01_LaunchApplication" name="testLaunchApplication" time="0.113"/>
</testsuite> <!-- testCases.TC01_LaunchApplication -->
