<?xml version="1.0" encoding="UTF-8"?>
<!-- Generated by org.testng.reporters.JUnitReportReporter -->
<testsuite hostname="Rae" failures="0" tests="1" name="testCases.TC05_AddToWish" time="4.169" errors="0" timestamp="2025-04-07T16:14:09 CDT" skipped="0">
  <testcase classname="testCases.TC05_AddToWish" name="testAddToCart" time="4.169"/>
</testsuite> <!-- testCases.TC05_AddToWish -->
